-------------------------------------------------------------------------------
Test set: tests.regression.PostDeploymentRegressionTest
-------------------------------------------------------------------------------
Tests run: 1, Failures: 1, Errors: 0, Skipped: 0, Time elapsed: 26.65 s <<< FAILURE! -- in tests.regression.PostDeploymentRegressionTest
tests.regression.PostDeploymentRegressionTest.shouldValidateCriticalElementsAfterDeployment -- Time elapsed: 26.65 s <<< FAILURE!
org.opentest4j.AssertionFailedError: Critical UI elements must remain visible after new deployments. ==> expected: <true> but was: <false>
	at org.junit.jupiter.api.AssertionFailureBuilder.build(AssertionFailureBuilder.java:151)
	at org.junit.jupiter.api.AssertionFailureBuilder.buildAndThrow(AssertionFailureBuilder.java:132)
	at org.junit.jupiter.api.AssertTrue.failNotTrue(AssertTrue.java:63)
	at org.junit.jupiter.api.AssertTrue.assertTrue(AssertTrue.java:36)
	at org.junit.jupiter.api.Assertions.assertTrue(Assertions.java:214)
	at tests.regression.PostDeploymentRegressionTest.shouldValidateCriticalElementsAfterDeployment(PostDeploymentRegressionTest.java:14)
	at java.base/java.lang.reflect.Method.invoke(Method.java:569)
	at java.base/java.util.ArrayList.forEach(ArrayList.java:1511)
	at java.base/java.util.ArrayList.forEach(ArrayList.java:1511)

